Analysis & Synthesis report for ECE2300
Wed Mar 28 14:57:44 2018
Quartus II 64-Bit Version 15.0.0 Build 145 04/22/2015 SJ Web Edition


---------------------
; Table of Contents ;
---------------------
  1. Legal Notice
  2. Analysis & Synthesis Summary
  3. Analysis & Synthesis Settings
  4. Parallel Compilation
  5. Analysis & Synthesis Source Files Read
  6. Analysis & Synthesis Resource Usage Summary
  7. Analysis & Synthesis Resource Utilization by Entity
  8. General Register Statistics
  9. Port Connectivity Checks: "alu:theALU|adder:a"
 10. Post-Synthesis Netlist Statistics for Top Partition
 11. Elapsed Time Per Partition
 12. Analysis & Synthesis Messages
 13. Analysis & Synthesis Suppressed Messages



----------------
; Legal Notice ;
----------------
Copyright (C) 1991-2015 Altera Corporation. All rights reserved.
Your use of Altera Corporation's design tools, logic functions 
and other software and tools, and its AMPP partner logic 
functions, and any output files from any of the foregoing 
(including device programming or simulation files), and any 
associated documentation or information are expressly subject 
to the terms and conditions of the Altera Program License 
Subscription Agreement, the Altera Quartus II License Agreement,
the Altera MegaCore Function License Agreement, or other 
applicable license agreement, including, without limitation, 
that your use is for the sole purpose of programming logic 
devices manufactured by Altera and sold by Altera or its 
authorized distributors.  Please refer to the applicable 
agreement for further details.



+------------------------------------------------------------------------------+
; Analysis & Synthesis Summary                                                 ;
+---------------------------------+--------------------------------------------+
; Analysis & Synthesis Status     ; Successful - Wed Mar 28 14:57:44 2018      ;
; Quartus II 64-Bit Version       ; 15.0.0 Build 145 04/22/2015 SJ Web Edition ;
; Revision Name                   ; ECE2300                                    ;
; Top-level Entity Name           ; alu_top                                    ;
; Family                          ; Cyclone V                                  ;
; Logic utilization (in ALMs)     ; N/A                                        ;
; Total registers                 ; 20                                         ;
; Total pins                      ; 67                                         ;
; Total virtual pins              ; 0                                          ;
; Total block memory bits         ; 0                                          ;
; Total DSP Blocks                ; 0                                          ;
; Total HSSI RX PCSs              ; 0                                          ;
; Total HSSI PMA RX Deserializers ; 0                                          ;
; Total HSSI TX PCSs              ; 0                                          ;
; Total HSSI PMA TX Serializers   ; 0                                          ;
; Total PLLs                      ; 0                                          ;
; Total DLLs                      ; 0                                          ;
+---------------------------------+--------------------------------------------+


+---------------------------------------------------------------------------------------------------------------------------+
; Analysis & Synthesis Settings                                                                                             ;
+---------------------------------------------------------------------------------+--------------------+--------------------+
; Option                                                                          ; Setting            ; Default Value      ;
+---------------------------------------------------------------------------------+--------------------+--------------------+
; Device                                                                          ; 5CEBA4F23C7        ;                    ;
; Top-level entity name                                                           ; alu_top            ; ECE2300            ;
; Family name                                                                     ; Cyclone V          ; Cyclone V          ;
; Use smart compilation                                                           ; Off                ; Off                ;
; Enable parallel Assembler and TimeQuest Timing Analyzer during compilation      ; On                 ; On                 ;
; Enable compact report table                                                     ; Off                ; Off                ;
; Restructure Multiplexers                                                        ; Auto               ; Auto               ;
; MLAB Add Timing Constraints For Mixed-Port Feed-Through Mode Setting Don't Care ; Off                ; Off                ;
; Create Debugging Nodes for IP Cores                                             ; Off                ; Off                ;
; Preserve fewer node names                                                       ; On                 ; On                 ;
; Disable OpenCore Plus hardware evaluation                                       ; Off                ; Off                ;
; Verilog Version                                                                 ; Verilog_2001       ; Verilog_2001       ;
; VHDL Version                                                                    ; VHDL_1993          ; VHDL_1993          ;
; State Machine Processing                                                        ; Auto               ; Auto               ;
; Safe State Machine                                                              ; Off                ; Off                ;
; Extract Verilog State Machines                                                  ; On                 ; On                 ;
; Extract VHDL State Machines                                                     ; On                 ; On                 ;
; Ignore Verilog initial constructs                                               ; Off                ; Off                ;
; Iteration limit for constant Verilog loops                                      ; 5000               ; 5000               ;
; Iteration limit for non-constant Verilog loops                                  ; 250                ; 250                ;
; Add Pass-Through Logic to Inferred RAMs                                         ; On                 ; On                 ;
; Infer RAMs from Raw Logic                                                       ; On                 ; On                 ;
; Parallel Synthesis                                                              ; On                 ; On                 ;
; DSP Block Balancing                                                             ; Auto               ; Auto               ;
; NOT Gate Push-Back                                                              ; On                 ; On                 ;
; Power-Up Don't Care                                                             ; On                 ; On                 ;
; Remove Redundant Logic Cells                                                    ; Off                ; Off                ;
; Remove Duplicate Registers                                                      ; On                 ; On                 ;
; Ignore CARRY Buffers                                                            ; Off                ; Off                ;
; Ignore CASCADE Buffers                                                          ; Off                ; Off                ;
; Ignore GLOBAL Buffers                                                           ; Off                ; Off                ;
; Ignore ROW GLOBAL Buffers                                                       ; Off                ; Off                ;
; Ignore LCELL Buffers                                                            ; Off                ; Off                ;
; Ignore SOFT Buffers                                                             ; On                 ; On                 ;
; Limit AHDL Integers to 32 Bits                                                  ; Off                ; Off                ;
; Optimization Technique                                                          ; Balanced           ; Balanced           ;
; Carry Chain Length                                                              ; 70                 ; 70                 ;
; Auto Carry Chains                                                               ; On                 ; On                 ;
; Auto Open-Drain Pins                                                            ; On                 ; On                 ;
; Perform WYSIWYG Primitive Resynthesis                                           ; Off                ; Off                ;
; Auto ROM Replacement                                                            ; On                 ; On                 ;
; Auto RAM Replacement                                                            ; On                 ; On                 ;
; Auto DSP Block Replacement                                                      ; On                 ; On                 ;
; Auto Shift Register Replacement                                                 ; Auto               ; Auto               ;
; Allow Shift Register Merging across Hierarchies                                 ; Auto               ; Auto               ;
; Auto Clock Enable Replacement                                                   ; On                 ; On                 ;
; Strict RAM Replacement                                                          ; Off                ; Off                ;
; Allow Synchronous Control Signals                                               ; On                 ; On                 ;
; Force Use of Synchronous Clear Signals                                          ; Off                ; Off                ;
; Auto Resource Sharing                                                           ; Off                ; Off                ;
; Allow Any RAM Size For Recognition                                              ; Off                ; Off                ;
; Allow Any ROM Size For Recognition                                              ; Off                ; Off                ;
; Allow Any Shift Register Size For Recognition                                   ; Off                ; Off                ;
; Use LogicLock Constraints during Resource Balancing                             ; On                 ; On                 ;
; Ignore translate_off and synthesis_off directives                               ; Off                ; Off                ;
; Timing-Driven Synthesis                                                         ; On                 ; On                 ;
; Report Parameter Settings                                                       ; On                 ; On                 ;
; Report Source Assignments                                                       ; On                 ; On                 ;
; Report Connectivity Checks                                                      ; On                 ; On                 ;
; Ignore Maximum Fan-Out Assignments                                              ; Off                ; Off                ;
; Synchronization Register Chain Length                                           ; 3                  ; 3                  ;
; PowerPlay Power Optimization During Synthesis                                   ; Normal compilation ; Normal compilation ;
; HDL message level                                                               ; Level2             ; Level2             ;
; Suppress Register Optimization Related Messages                                 ; Off                ; Off                ;
; Number of Removed Registers Reported in Synthesis Report                        ; 5000               ; 5000               ;
; Number of Swept Nodes Reported in Synthesis Report                              ; 5000               ; 5000               ;
; Number of Inverted Registers Reported in Synthesis Report                       ; 100                ; 100                ;
; Clock MUX Protection                                                            ; On                 ; On                 ;
; Auto Gated Clock Conversion                                                     ; Off                ; Off                ;
; Block Design Naming                                                             ; Auto               ; Auto               ;
; SDC constraint protection                                                       ; Off                ; Off                ;
; Synthesis Effort                                                                ; Auto               ; Auto               ;
; Shift Register Replacement - Allow Asynchronous Clear Signal                    ; On                 ; On                 ;
; Pre-Mapping Resynthesis Optimization                                            ; Off                ; Off                ;
; Analysis & Synthesis Message Level                                              ; Medium             ; Medium             ;
; Disable Register Merging Across Hierarchies                                     ; Auto               ; Auto               ;
; Resource Aware Inference For Block RAM                                          ; On                 ; On                 ;
; Synthesis Seed                                                                  ; 1                  ; 1                  ;
; Automatic Parallel Synthesis                                                    ; On                 ; On                 ;
; Partial Reconfiguration Bitstream ID                                            ; Off                ; Off                ;
+---------------------------------------------------------------------------------+--------------------+--------------------+


Parallel compilation was disabled, but you have multiple processors available. Enable parallel compilation to reduce compilation time.
+-------------------------------------+
; Parallel Compilation                ;
+----------------------------+--------+
; Processors                 ; Number ;
+----------------------------+--------+
; Number detected on machine ; 4      ;
; Maximum allowed            ; 1      ;
+----------------------------+--------+


+----------------------------------------------------------------------------------------------------------------------------------------------------------------------------------+
; Analysis & Synthesis Source Files Read                                                                                                                                           ;
+----------------------------------+-----------------+------------------------+------------------------------------------------------------------------------------------+---------+
; File Name with User-Entered Path ; Used in Netlist ; File Type              ; File Name with Absolute Path                                                             ; Library ;
+----------------------------------+-----------------+------------------------+------------------------------------------------------------------------------------------+---------+
; dual_reg_in.v                    ; yes             ; User Verilog HDL File  ; C:/Users/gao-p/Google Drive/Cornell Notebooks/ECE2300/Lab5/lab5a_dist/dual_reg_in.v      ;         ;
; alu.v                            ; yes             ; User Verilog HDL File  ; C:/Users/gao-p/Google Drive/Cornell Notebooks/ECE2300/Lab5/lab5a_dist/alu.v              ;         ;
; adder.v                          ; yes             ; User Verilog HDL File  ; C:/Users/gao-p/Google Drive/Cornell Notebooks/ECE2300/Lab5/lab5a_dist/adder.v            ;         ;
; hex_to_seven_seg.v               ; yes             ; User Verilog HDL File  ; C:/Users/gao-p/Google Drive/Cornell Notebooks/ECE2300/Lab5/lab5a_dist/hex_to_seven_seg.v ;         ;
; alu_top.v                        ; yes             ; User Verilog HDL File  ; C:/Users/gao-p/Google Drive/Cornell Notebooks/ECE2300/Lab5/lab5a_dist/alu_top.v          ;         ;
; opsel.v                          ; yes             ; User Verilog HDL File  ; C:/Users/gao-p/Google Drive/Cornell Notebooks/ECE2300/Lab5/lab5a_dist/opsel.v            ;         ;
; full.v                           ; yes             ; User Verilog HDL File  ; C:/Users/gao-p/Google Drive/Cornell Notebooks/ECE2300/Lab5/lab5a_dist/full.v             ;         ;
+----------------------------------+-----------------+------------------------+------------------------------------------------------------------------------------------+---------+


+-----------------------------------------------------------+
; Analysis & Synthesis Resource Usage Summary               ;
+---------------------------------------------+-------------+
; Resource                                    ; Usage       ;
+---------------------------------------------+-------------+
; Estimate of Logic utilization (ALMs needed) ; 38          ;
;                                             ;             ;
; Combinational ALUT usage for logic          ; 64          ;
;     -- 7 input functions                    ; 0           ;
;     -- 6 input functions                    ; 8           ;
;     -- 5 input functions                    ; 1           ;
;     -- 4 input functions                    ; 44          ;
;     -- <=3 input functions                  ; 11          ;
;                                             ;             ;
; Dedicated logic registers                   ; 20          ;
;                                             ;             ;
; I/O pins                                    ; 67          ;
;                                             ;             ;
; Total DSP Blocks                            ; 0           ;
;                                             ;             ;
; Maximum fan-out node                        ; CLK50~input ;
; Maximum fan-out                             ; 20          ;
; Total fan-out                               ; 431         ;
; Average fan-out                             ; 1.98        ;
+---------------------------------------------+-------------+


+--------------------------------------------------------------------------------------------------------------------------------------------------------------------------------------+
; Analysis & Synthesis Resource Utilization by Entity                                                                                                                                  ;
+------------------------------------+-------------------+--------------+-------------------+------------+------+--------------+----------------------------------------+--------------+
; Compilation Hierarchy Node         ; LC Combinationals ; LC Registers ; Block Memory Bits ; DSP Blocks ; Pins ; Virtual Pins ; Full Hierarchy Name                    ; Library Name ;
+------------------------------------+-------------------+--------------+-------------------+------------+------+--------------+----------------------------------------+--------------+
; |alu_top                           ; 64 (0)            ; 20 (0)       ; 0                 ; 0          ; 67   ; 0            ; |alu_top                               ; work         ;
;    |alu:theALU|                    ; 16 (0)            ; 0 (0)        ; 0                 ; 0          ; 0    ; 0            ; |alu_top|alu:theALU                    ; work         ;
;       |adder:a|                    ; 16 (3)            ; 0 (0)        ; 0                 ; 0          ; 0    ; 0            ; |alu_top|alu:theALU|adder:a            ; work         ;
;          |full:five|               ; 4 (4)             ; 0 (0)        ; 0                 ; 0          ; 0    ; 0            ; |alu_top|alu:theALU|adder:a|full:five  ; work         ;
;          |full:four|               ; 1 (1)             ; 0 (0)        ; 0                 ; 0          ; 0    ; 0            ; |alu_top|alu:theALU|adder:a|full:four  ; work         ;
;          |full:one|                ; 1 (1)             ; 0 (0)        ; 0                 ; 0          ; 0    ; 0            ; |alu_top|alu:theALU|adder:a|full:one   ; work         ;
;          |full:seven|              ; 2 (2)             ; 0 (0)        ; 0                 ; 0          ; 0    ; 0            ; |alu_top|alu:theALU|adder:a|full:seven ; work         ;
;          |full:six|                ; 1 (1)             ; 0 (0)        ; 0                 ; 0          ; 0    ; 0            ; |alu_top|alu:theALU|adder:a|full:six   ; work         ;
;          |full:three|              ; 1 (1)             ; 0 (0)        ; 0                 ; 0          ; 0    ; 0            ; |alu_top|alu:theALU|adder:a|full:three ; work         ;
;          |full:two|                ; 2 (2)             ; 0 (0)        ; 0                 ; 0          ; 0    ; 0            ; |alu_top|alu:theALU|adder:a|full:two   ; work         ;
;          |full:zero|               ; 1 (1)             ; 0 (0)        ; 0                 ; 0          ; 0    ; 0            ; |alu_top|alu:theALU|adder:a|full:zero  ; work         ;
;    |dual_reg_in:inputs|            ; 2 (2)             ; 16 (16)      ; 0                 ; 0          ; 0    ; 0            ; |alu_top|dual_reg_in:inputs            ; work         ;
;    |hex_to_seven_seg:lowerBitsOfA| ; 7 (7)             ; 0 (0)        ; 0                 ; 0          ; 0    ; 0            ; |alu_top|hex_to_seven_seg:lowerBitsOfA ; work         ;
;    |hex_to_seven_seg:lowerBitsOfB| ; 7 (7)             ; 0 (0)        ; 0                 ; 0          ; 0    ; 0            ; |alu_top|hex_to_seven_seg:lowerBitsOfB ; work         ;
;    |hex_to_seven_seg:lowerBitsOfY| ; 7 (7)             ; 0 (0)        ; 0                 ; 0          ; 0    ; 0            ; |alu_top|hex_to_seven_seg:lowerBitsOfY ; work         ;
;    |hex_to_seven_seg:upperBitsOfA| ; 7 (7)             ; 0 (0)        ; 0                 ; 0          ; 0    ; 0            ; |alu_top|hex_to_seven_seg:upperBitsOfA ; work         ;
;    |hex_to_seven_seg:upperBitsOfB| ; 7 (7)             ; 0 (0)        ; 0                 ; 0          ; 0    ; 0            ; |alu_top|hex_to_seven_seg:upperBitsOfB ; work         ;
;    |hex_to_seven_seg:upperBitsOfY| ; 7 (7)             ; 0 (0)        ; 0                 ; 0          ; 0    ; 0            ; |alu_top|hex_to_seven_seg:upperBitsOfY ; work         ;
;    |opsel:sel|                     ; 4 (4)             ; 4 (4)        ; 0                 ; 0          ; 0    ; 0            ; |alu_top|opsel:sel                     ; work         ;
+------------------------------------+-------------------+--------------+-------------------+------------+------+--------------+----------------------------------------+--------------+
Note: For table entries with two numbers listed, the numbers in parentheses indicate the number of resources of the given type used by the specific entity alone. The numbers listed outside of parentheses indicate the total resources of the given type used by the specific entity and all of its sub-entities in the hierarchy.


+------------------------------------------------------+
; General Register Statistics                          ;
+----------------------------------------------+-------+
; Statistic                                    ; Value ;
+----------------------------------------------+-------+
; Total registers                              ; 20    ;
; Number of registers using Synchronous Clear  ; 0     ;
; Number of registers using Synchronous Load   ; 0     ;
; Number of registers using Asynchronous Clear ; 0     ;
; Number of registers using Asynchronous Load  ; 0     ;
; Number of registers using Clock Enable       ; 19    ;
; Number of registers using Preset             ; 0     ;
+----------------------------------------------+-------+


+------------------------------------------------+
; Port Connectivity Checks: "alu:theALU|adder:a" ;
+------+-------+----------+----------------------+
; Port ; Type  ; Severity ; Details              ;
+------+-------+----------+----------------------+
; CI   ; Input ; Info     ; Stuck at GND         ;
+------+-------+----------+----------------------+


+-----------------------------------------------------+
; Post-Synthesis Netlist Statistics for Top Partition ;
+-----------------------+-----------------------------+
; Type                  ; Count                       ;
+-----------------------+-----------------------------+
; arriav_ff             ; 20                          ;
;     ENA               ; 19                          ;
;     plain             ; 1                           ;
; arriav_lcell_comb     ; 72                          ;
;     normal            ; 72                          ;
;         0 data inputs ; 1                           ;
;         1 data inputs ; 7                           ;
;         2 data inputs ; 6                           ;
;         3 data inputs ; 5                           ;
;         4 data inputs ; 44                          ;
;         5 data inputs ; 1                           ;
;         6 data inputs ; 8                           ;
; boundary_port         ; 67                          ;
;                       ;                             ;
; Max LUT depth         ; 5.00                        ;
; Average LUT depth     ; 2.48                        ;
+-----------------------+-----------------------------+


+-------------------------------+
; Elapsed Time Per Partition    ;
+----------------+--------------+
; Partition Name ; Elapsed Time ;
+----------------+--------------+
; Top            ; 00:00:01     ;
+----------------+--------------+


+-------------------------------+
; Analysis & Synthesis Messages ;
+-------------------------------+
Info: *******************************************************************
Info: Running Quartus II 64-Bit Analysis & Synthesis
    Info: Version 15.0.0 Build 145 04/22/2015 SJ Web Edition
    Info: Processing started: Wed Mar 28 14:57:20 2018
Info: Command: quartus_map --read_settings_files=on --write_settings_files=off lab5a -c ECE2300
Warning (20028): Parallel compilation is not licensed and has been disabled
Info (12021): Found 1 design units, including 1 entities, in source file dual_reg_in.v
    Info (12023): Found entity 1: dual_reg_in
Info (12021): Found 1 design units, including 1 entities, in source file logical.v
    Info (12023): Found entity 1: logical
Info (12021): Found 1 design units, including 1 entities, in source file alu.v
    Info (12023): Found entity 1: alu
Info (12021): Found 1 design units, including 1 entities, in source file adder.v
    Info (12023): Found entity 1: adder
Info (12021): Found 1 design units, including 1 entities, in source file hex_to_seven_seg.v
    Info (12023): Found entity 1: hex_to_seven_seg
Info (12021): Found 1 design units, including 1 entities, in source file muxci.v
    Info (12023): Found entity 1: muxCI
Info (12021): Found 1 design units, including 1 entities, in source file shifter.v
    Info (12023): Found entity 1: shifter
Info (12021): Found 1 design units, including 1 entities, in source file control.v
    Info (12023): Found entity 1: control
Info (12021): Found 1 design units, including 1 entities, in source file alu_top.v
    Info (12023): Found entity 1: alu_top
Info (12021): Found 1 design units, including 1 entities, in source file opsel.v
    Info (12023): Found entity 1: opsel
Info (12021): Found 1 design units, including 1 entities, in source file full.v
    Info (12023): Found entity 1: full
Info (12127): Elaborating entity "alu_top" for the top level hierarchy
Info (12128): Elaborating entity "alu" for hierarchy "alu:theALU"
Info (12128): Elaborating entity "adder" for hierarchy "alu:theALU|adder:a"
Info (12128): Elaborating entity "full" for hierarchy "alu:theALU|adder:a|full:zero"
Info (12128): Elaborating entity "dual_reg_in" for hierarchy "dual_reg_in:inputs"
Info (12128): Elaborating entity "opsel" for hierarchy "opsel:sel"
Info (12128): Elaborating entity "hex_to_seven_seg" for hierarchy "hex_to_seven_seg:upperBitsOfA"
Info (13014): Ignored 24 buffer(s)
    Info (13019): Ignored 24 SOFT buffer(s)
Warning (13024): Output pins are stuck at VCC or GND
    Warning (13410): Pin "LEDR[3]" is stuck at GND
    Warning (13410): Pin "LEDR[8]" is stuck at GND
    Warning (13410): Pin "LEDR[9]" is stuck at GND
Info (286030): Timing-Driven Synthesis is running
Info (144001): Generated suppressed messages file C:/Users/gao-p/Google Drive/Cornell Notebooks/ECE2300/Lab5/lab5a_dist/ECE2300.map.smsg
Info (16010): Generating hard_block partition "hard_block:auto_generated_inst"
    Info (16011): Adding 0 node(s), including 0 DDIO, 0 PLL, 0 transceiver and 0 LCELL
Warning (21074): Design contains 3 input pin(s) that do not drive logic
    Warning (15610): No output dependent on input pin "SW[9]"
    Warning (15610): No output dependent on input pin "KEY[1]"
    Warning (15610): No output dependent on input pin "KEY[2]"
Info (21057): Implemented 148 device resources after synthesis - the final resource count might be different
    Info (21058): Implemented 15 input pins
    Info (21059): Implemented 52 output pins
    Info (21061): Implemented 81 logic cells
Info: Quartus II 64-Bit Analysis & Synthesis was successful. 0 errors, 9 warnings
    Info: Peak virtual memory: 778 megabytes
    Info: Processing ended: Wed Mar 28 14:57:44 2018
    Info: Elapsed time: 00:00:24
    Info: Total CPU time (on all processors): 00:00:48


+------------------------------------------+
; Analysis & Synthesis Suppressed Messages ;
+------------------------------------------+
The suppressed messages can be found in C:/Users/gao-p/Google Drive/Cornell Notebooks/ECE2300/Lab5/lab5a_dist/ECE2300.map.smsg.


